#
# A fatal error has been detected by the Java Runtime Environment:
#
#  EXCEPTION_ACCESS_VIOLATION (0xc0000005) at pc=0x6d166ad0, pid=5592, tid=1436
#
# JRE version: 6.0_21-b07
# Java VM: Java HotSpot(TM) Client VM (17.0-b17 mixed mode, sharing windows-x86 )
# Problematic frame:
# C  [awt.dll+0xb6ad0]
#
# If you would like to submit a bug report, please visit:
#   http://java.sun.com/webapps/bugreport/crash.jsp
# The crash happened outside the Java Virtual Machine in native code.
# See problematic frame for where to report the bug.
#

---------------  T H R E A D  ---------------

Current thread (0x040ddc00):  JavaThread "AWT-Windows" daemon [_thread_in_native, id=1436, stack(0x04540000,0x04590000)]

siginfo: ExceptionCode=0xc0000005, reading address 0x00000000

Registers:
EAX=0x0458f64c, EBX=0x04136c58, ECX=0x00000054, EDX=0x000000c0
ESP=0x0458f634, EBP=0x0458f7e4, ESI=0x00000000, EDI=0x000000c0
EIP=0x6d166ad0, EFLAGS=0x00010206

Top of Stack: (sp=0x0458f634)
0x0458f634:   0458f64c 00001000 000003fe 041d7b38
0x0458f644:   00000015 000003fe 041d7b38 6d15ecfb
0x0458f654:   00000000 04179c44 041d7b38 041d7b38
0x0458f664:   0458f644 0458f7e4 000002a6 000003fe
0x0458f674:   041d7b38 6d1626bf 447f8000 44298000
0x0458f684:   000003fe 000002a6 04179c30 6d163181
0x0458f694:   6d16361d 00000000 00000000 000003fe
0x0458f6a4:   00000015 00009824 040ddd18 00000001 

Instructions: (pc=0x6d166ad0)
0x6d166ac0:   05 00 20 00 00 50 c1 e2 05 8d 44 24 14 50 8b fa
0x6d166ad0:   8b 16 57 c1 e1 05 51 56 ff 52 2c 85 c0 0f 8c 93 


Stack: [0x04540000,0x04590000],  sp=0x0458f634,  free space=13d0458f150k
Native frames: (J=compiled Java code, j=interpreted, Vv=VM code, C=native code)
C  [awt.dll+0xb6ad0]
C  [awt.dll+0x9c6dc]
C  [USER32.dll+0x186ef]
C  [USER32.dll+0x18876]
C  [USER32.dll+0x170f4]
C  [USER32.dll+0x1738f]
C  [ntdll.dll+0x4642e]
C  [USER32.dll+0x192a9]
C  [midas32.dll+0x26cad]
C  [midas32.dll+0xb005]
C  [midas32.dll+0x26c05]

Java frames: (J=compiled Java code, j=interpreted, Vv=VM code)
j  sun.awt.windows.WToolkit.eventLoop()V+0
j  sun.awt.windows.WToolkit.run()V+52
j  java.lang.Thread.run()V+11
v  ~StubRoutines::call_stub

---------------  P R O C E S S  ---------------

Java Threads: ( => current thread )
  0x07cb7000 JavaThread "Thread-8" [_thread_blocked, id=3056, stack(0x054e0000,0x05530000)]
  0x07cb6800 JavaThread "Thread-7" [_thread_blocked, id=6008, stack(0x05490000,0x054e0000)]
  0x07cb6400 JavaThread "D3D Screen Updater" daemon [_thread_blocked, id=3888, stack(0x07e60000,0x07eb0000)]
  0x07c85c00 JavaThread "TimerQueue" daemon [_thread_blocked, id=4556, stack(0x06220000,0x06270000)]
  0x040f9400 JavaThread "H2 Log Writer WILDLOG" daemon [_thread_blocked, id=984, stack(0x05330000,0x05380000)]
  0x04113400 JavaThread "H2 File Lock Watchdog C:\WildLog\Data\wildlog.lock.db" daemon [_thread_blocked, id=5340, stack(0x04ae0000,0x04b30000)]
  0x01149000 JavaThread "DestroyJavaVM" [_thread_blocked, id=5260, stack(0x00700000,0x00750000)]
  0x040de000 JavaThread "AWT-EventQueue-0" [_thread_in_native, id=4388, stack(0x04590000,0x045e0000)]
=>0x040ddc00 JavaThread "AWT-Windows" daemon [_thread_in_native, id=1436, stack(0x04540000,0x04590000)]
  0x040dd000 JavaThread "AWT-Shutdown" [_thread_blocked, id=5952, stack(0x044f0000,0x04540000)]
  0x040dac00 JavaThread "Java2D Disposer" daemon [_thread_blocked, id=3976, stack(0x04430000,0x04480000)]
  0x01dd4400 JavaThread "Low Memory Detector" daemon [_thread_blocked, id=5468, stack(0x03fd0000,0x04020000)]
  0x01dca400 JavaThread "CompilerThread0" daemon [_thread_blocked, id=4680, stack(0x03f80000,0x03fd0000)]
  0x01dc9400 JavaThread "Attach Listener" daemon [_thread_blocked, id=4640, stack(0x010b0000,0x01100000)]
  0x01dc6400 JavaThread "Signal Dispatcher" daemon [_thread_blocked, id=3512, stack(0x01060000,0x010b0000)]
  0x01d86400 JavaThread "Finalizer" daemon [_thread_blocked, id=3860, stack(0x00bf0000,0x00c40000)]
  0x01d81800 JavaThread "Reference Handler" daemon [_thread_blocked, id=4112, stack(0x00ba0000,0x00bf0000)]

Other Threads:
  0x01d80800 VMThread [stack: 0x00760000,0x007b0000] [id=5168]
  0x01df7400 WatcherThread [stack: 0x04020000,0x04070000] [id=4464]

VM state:not at safepoint (normal execution)

VM Mutex/Monitor currently owned by a thread: None

Heap
 def new generation   total 39296K, used 11193K [0x13cb0000, 0x16750000, 0x1e750000)
  eden space 34944K,  28% used [0x13cb0000, 0x1466b000, 0x15ed0000)
  from space 4352K,  28% used [0x15ed0000, 0x16003660, 0x16310000)
  to   space 4352K,   0% used [0x16310000, 0x16310000, 0x16750000)
 tenured generation   total 87424K, used 13820K [0x1e750000, 0x23cb0000, 0x33cb0000)
   the space 87424K,  15% used [0x1e750000, 0x1f4cf2e8, 0x1f4cf400, 0x23cb0000)
 compacting perm gen  total 12288K, used 7993K [0x33cb0000, 0x348b0000, 0x37cb0000)
   the space 12288K,  65% used [0x33cb0000, 0x3447e5f0, 0x3447e600, 0x348b0000)
    ro space 10240K,  54% used [0x37cb0000, 0x3822c0f0, 0x3822c200, 0x386b0000)
    rw space 12288K,  55% used [0x386b0000, 0x38d4fb80, 0x38d4fc00, 0x392b0000)

Dynamic libraries:
0x00400000 - 0x00424000 	C:\Program Files\Java\jdk1.6.0_21\jre\bin\java.exe
0x774e0000 - 0x7761c000 	C:\Windows\SYSTEM32\ntdll.dll
0x772d0000 - 0x773a4000 	C:\Windows\system32\kernel32.dll
0x75760000 - 0x757aa000 	C:\Windows\system32\KERNELBASE.dll
0x60000000 - 0x6003e000 	C:\Program Files\BitDefender\BitDefender 2010\Active Virus Control\midas32-v2_67\midas32.dll
0x61000000 - 0x61027000 	C:\Program Files\BitDefender\BitDefender 2010\Active Virus Control\midas32-v2_67\plugin_base.m32
0x67000000 - 0x67046000 	C:\Program Files\BitDefender\BitDefender 2010\Active Virus Control\midas32-v2_67\plugin_nt.m32
0x64000000 - 0x64021000 	C:\Program Files\BitDefender\BitDefender 2010\Active Virus Control\midas32-v2_67\plugin_registry.m32
0x62000000 - 0x6202d000 	C:\Program Files\BitDefender\BitDefender 2010\Active Virus Control\midas32-v2_67\plugin_extra.m32
0x65000000 - 0x6501a000 	C:\Program Files\BitDefender\BitDefender 2010\Active Virus Control\midas32-v2_67\plugin_net.m32
0x63000000 - 0x630a6000 	C:\Program Files\BitDefender\BitDefender 2010\Active Virus Control\midas32-v2_67\plugin_fragments.m32
0x75970000 - 0x75a10000 	C:\Windows\system32\ADVAPI32.dll
0x76fc0000 - 0x7706c000 	C:\Windows\system32\msvcrt.dll
0x77640000 - 0x77659000 	C:\Windows\SYSTEM32\sechost.dll
0x76b20000 - 0x76bc1000 	C:\Windows\system32\RPCRT4.dll
0x7c340000 - 0x7c396000 	C:\Program Files\Java\jdk1.6.0_21\jre\bin\msvcr71.dll
0x6d8b0000 - 0x6db57000 	C:\Program Files\Java\jdk1.6.0_21\jre\bin\client\jvm.dll
0x76c60000 - 0x76d29000 	C:\Windows\system32\USER32.dll
0x76930000 - 0x7697e000 	C:\Windows\system32\GDI32.dll
0x77630000 - 0x7763a000 	C:\Windows\system32\LPK.dll
0x76f20000 - 0x76fbd000 	C:\Windows\system32\USP10.dll
0x72d00000 - 0x72d32000 	C:\Windows\system32\WINMM.dll
0x75a10000 - 0x75a2f000 	C:\Windows\system32\IMM32.DLL
0x77410000 - 0x774dc000 	C:\Windows\system32\MSCTF.dll
0x75560000 - 0x755ab000 	C:\Windows\system32\apphelp.dll
0x6d860000 - 0x6d86c000 	C:\Program Files\Java\jdk1.6.0_21\jre\bin\verify.dll
0x6d3e0000 - 0x6d3ff000 	C:\Program Files\Java\jdk1.6.0_21\jre\bin\java.dll
0x6d340000 - 0x6d348000 	C:\Program Files\Java\jdk1.6.0_21\jre\bin\hpi.dll
0x77620000 - 0x77625000 	C:\Windows\system32\PSAPI.DLL
0x6d8a0000 - 0x6d8af000 	C:\Program Files\Java\jdk1.6.0_21\jre\bin\zip.dll
0x6d0b0000 - 0x6d1fa000 	C:\Program Files\Java\jdk1.6.0_21\jre\bin\awt.dll
0x71550000 - 0x715a1000 	C:\Windows\system32\WINSPOOL.DRV
0x77170000 - 0x772cc000 	C:\Windows\system32\ole32.dll
0x746c0000 - 0x7485e000 	C:\Windows\WinSxS\x86_microsoft.windows.common-controls_6595b64144ccf1df_6.0.7600.16385_none_421189da2b7fabfc\COMCTL32.dll
0x76d30000 - 0x76d87000 	C:\Windows\system32\SHLWAPI.dll
0x74160000 - 0x74173000 	C:\Windows\system32\DWMAPI.DLL
0x744e0000 - 0x74520000 	C:\Windows\system32\uxtheme.dll
0x755b0000 - 0x755bc000 	C:\Windows\system32\CRYPTBASE.dll
0x75a30000 - 0x76679000 	C:\Windows\system32\shell32.dll
0x6d2e0000 - 0x6d334000 	C:\Program Files\Java\jdk1.6.0_21\jre\bin\fontmanager.dll
0x750e0000 - 0x750f6000 	C:\Windows\system32\CRYPTSP.dll
0x74e50000 - 0x74e8b000 	C:\Windows\system32\rsaenh.dll
0x74c90000 - 0x74ca7000 	C:\Windows\system32\USERENV.dll
0x75630000 - 0x7563b000 	C:\Windows\system32\profapi.dll
0x6d6c0000 - 0x6d6d3000 	C:\Program Files\Java\jdk1.6.0_21\jre\bin\net.dll
0x75930000 - 0x75965000 	C:\Windows\system32\WS2_32.dll
0x77700000 - 0x77706000 	C:\Windows\system32\NSI.dll
0x750a0000 - 0x750dc000 	C:\Windows\system32\mswsock.dll
0x75090000 - 0x75096000 	C:\Windows\System32\wship6.dll
0x6d6e0000 - 0x6d6e9000 	C:\Program Files\Java\jdk1.6.0_21\jre\bin\nio.dll
0x055e0000 - 0x057a3000 	C:\Windows\system32\d3d9.dll
0x74b20000 - 0x74b29000 	C:\Windows\system32\VERSION.dll
0x71b20000 - 0x71b26000 	C:\Windows\system32\d3d8thk.dll
0x057b0000 - 0x0611b000 	C:\Windows\system32\nvd3dum.dll
0x732d0000 - 0x732f5000 	C:\Windows\system32\powrprof.dll
0x76980000 - 0x76b1d000 	C:\Windows\system32\SETUPAPI.dll
0x75900000 - 0x75927000 	C:\Windows\system32\CFGMGR32.dll
0x77670000 - 0x776ff000 	C:\Windows\system32\OLEAUT32.dll
0x75740000 - 0x75752000 	C:\Windows\system32\DEVOBJ.dll
0x73160000 - 0x73170000 	C:\Windows\system32\NLAapi.dll
0x74f30000 - 0x74f74000 	C:\Windows\system32\DNSAPI.dll
0x6fa30000 - 0x6fa38000 	C:\Windows\System32\winrnr.dll
0x6fa20000 - 0x6fa30000 	C:\Windows\system32\napinsp.dll
0x6fa00000 - 0x6fa12000 	C:\Windows\system32\pnrpnsp.dll
0x74bb0000 - 0x74bb5000 	C:\Windows\System32\wshtcpip.dll
0x73d80000 - 0x73d9c000 	C:\Windows\system32\IPHLPAPI.DLL
0x73d70000 - 0x73d77000 	C:\Windows\system32\WINNSI.DLL
0x71520000 - 0x71526000 	C:\Windows\system32\rasadhlp.dll
0x72f00000 - 0x72f38000 	C:\Windows\System32\fwpuclnt.dll
0x6d500000 - 0x6d524000 	C:\Program Files\Java\jdk1.6.0_21\jre\bin\jpeg.dll
0x74580000 - 0x74675000 	C:\Windows\system32\PROPSYS.dll
0x76bd0000 - 0x76c53000 	C:\Windows\system32\CLBCatQ.DLL
0x736e0000 - 0x73701000 	C:\Windows\system32\ntmarta.dll
0x76ed0000 - 0x76f15000 	C:\Windows\system32\WLDAP32.dll
0x75620000 - 0x7562e000 	C:\Windows\system32\RpcRtRemote.dll
0x75280000 - 0x75299000 	C:\Windows\system32\srvcli.dll
0x6f930000 - 0x6f93b000 	C:\Windows\system32\cscapi.dll
0x730e0000 - 0x730ea000 	C:\Windows\system32\slc.dll
0x73dc0000 - 0x73dc9000 	C:\Windows\system32\netutils.dll

VM Arguments:
jvm_args: -Dfile.encoding=UTF-8 -Xms128m -Xmx512m 
java_command: wildlog.WildLogApp
Launcher Type: SUN_STANDARD

Environment Variables:
PATH=c:\Program Files\NVIDIA Corporation\PhysX\Common;C:\Windows\system32;C:\Windows;C:\Windows\System32\Wbem;C:\Windows\System32\WindowsPowerShell\v1.0\
USERNAME=Henry
OS=Windows_NT
PROCESSOR_IDENTIFIER=x86 Family 6 Model 15 Stepping 11, GenuineIntel



---------------  S Y S T E M  ---------------

OS: Windows 7 Build 7600 

CPU:total 2 (2 cores per cpu, 1 threads per core) family 6 model 15 stepping 11, cmov, cx8, fxsr, mmx, sse, sse2, sse3, ssse3

Memory: 4k page, physical 2093984k(724708k free), swap 4187968k(2183880k free)

vm_info: Java HotSpot(TM) Client VM (17.0-b17) for windows-x86 JRE (1.6.0_21-b07), built on Jul 17 2010 01:10:15 by "java_re" with MS VC++ 7.1 (VS2003)

time: Sat Sep 25 13:38:28 2010
elapsed time: 607 seconds

